2023-08-11 14:32:06,494 - root - INFO - *************** Test_002_DDT_Login *****************
2023-08-11 14:32:06,495 - root - INFO - *************** Verifying Login DDT Test ***************
2023-08-11 14:32:15,696 - root - INFO - **** passed ****
2023-08-11 14:32:16,686 - root - INFO - ****** Login DDT test passed *****
2023-08-11 14:32:16,686 - root - INFO - ****** End of Login DDT Test *****
2023-08-11 14:32:16,687 - root - INFO - ****** Completed TC_Login DDT_002 *****
2023-08-11 16:37:32,427 - root - INFO - *************** Test_001_Login ***************
2023-08-11 16:37:32,428 - root - INFO - *************** Verifying Home Page Title ***************
2023-08-11 16:37:34,600 - root - INFO - *************** Test Passed ***************
2023-08-11 16:37:36,103 - root - INFO - *************** Verifying Login Test ***************
2023-08-11 16:37:40,113 - root - INFO - *************** Test Passed ***************
2023-08-11 17:11:13,471 - root - INFO - *************** Verifying Login Test ***************
2023-08-11 17:11:13,471 - root - INFO - *************** Verifying Login Test ***************
2023-08-11 17:11:18,168 - root - INFO - *************** Test Passed ***************
2023-08-11 17:11:18,168 - root - INFO - *************** Test Passed ***************
2023-08-11 17:12:34,013 - root - INFO - *************** Verifying Login Test ***************
2023-08-11 17:12:34,013 - root - INFO - *************** Verifying Login Test ***************
2023-08-11 17:12:37,604 - root - INFO - *************** Test Passed ***************
2023-08-11 17:12:37,604 - root - INFO - *************** Test Passed ***************
2023-08-11 17:13:37,519 - root - INFO - *************** Verifying Login Test ***************
2023-08-11 17:13:37,519 - root - INFO - *************** Verifying Login Test ***************
2023-08-11 17:13:41,862 - root - INFO - *************** Test Passed ***************
2023-08-11 17:13:41,862 - root - INFO - *************** Test Passed ***************
2023-08-11 17:14:17,148 - root - INFO - *************** Test_001_Login ***************
2023-08-11 17:14:17,148 - root - INFO - *************** Test_001_Login ***************
2023-08-11 17:14:17,149 - root - INFO - *************** Verifying Home Page Title ***************
2023-08-11 17:14:17,149 - root - INFO - *************** Verifying Home Page Title ***************
2023-08-11 17:14:18,996 - root - INFO - *************** Test Passed ***************
2023-08-11 17:14:18,996 - root - INFO - *************** Test Passed ***************
2023-08-11 17:14:20,529 - root - INFO - *************** Verifying Login Test ***************
2023-08-11 17:14:20,529 - root - INFO - *************** Verifying Login Test ***************
2023-08-11 17:14:24,992 - root - INFO - *************** Test Passed ***************
2023-08-11 17:14:24,992 - root - INFO - *************** Test Passed ***************
2023-08-11 17:14:26,786 - root - INFO - *************** Test_002_DDT_Login *****************
2023-08-11 17:14:26,786 - root - INFO - *************** Test_002_DDT_Login *****************
2023-08-11 17:14:26,787 - root - INFO - *************** Verifying Login DDT Test ***************
2023-08-11 17:14:26,787 - root - INFO - *************** Verifying Login DDT Test ***************
2023-08-11 17:14:36,459 - root - INFO - **** passed ****
2023-08-11 17:14:36,459 - root - INFO - **** passed ****
2023-08-11 17:14:37,397 - root - INFO - ****** Login DDT test passed *****
2023-08-11 17:14:37,397 - root - INFO - ****** Login DDT test passed *****
2023-08-11 17:14:37,398 - root - INFO - ****** End of Login DDT Test *****
2023-08-11 17:14:37,398 - root - INFO - ****** End of Login DDT Test *****
2023-08-11 17:14:37,398 - root - INFO - ****** Completed TC_Login DDT_002 *****
2023-08-11 17:14:37,398 - root - INFO - ****** Completed TC_Login DDT_002 *****
2023-08-11 17:15:44,782 - root - INFO - *************** Verifying Login Test ***************
2023-08-11 17:15:44,782 - root - INFO - *************** Verifying Login Test ***************
2023-08-11 17:15:49,291 - root - INFO - *************** Test Passed ***************
2023-08-11 17:15:49,291 - root - INFO - *************** Test Passed ***************
2023-08-11 17:20:07,936 - root - INFO - *************** Verifying Login Test ***************
2023-08-11 17:20:07,936 - root - INFO - *************** Verifying Login Test ***************
2023-08-11 17:20:12,631 - root - INFO - *************** Test Passed ***************
2023-08-11 17:20:12,631 - root - INFO - *************** Test Passed ***************
2023-08-11 17:20:15,717 - root - INFO - *************** Test_001_Login ***************
2023-08-11 17:20:15,717 - root - INFO - *************** Test_001_Login ***************
2023-08-11 17:20:15,717 - root - INFO - *************** Verifying Home Page Title ***************
2023-08-11 17:20:15,717 - root - INFO - *************** Verifying Home Page Title ***************
2023-08-11 17:20:18,237 - root - INFO - *************** Test Passed ***************
2023-08-11 17:20:18,237 - root - INFO - *************** Test Passed ***************
2023-08-11 17:20:19,778 - root - INFO - *************** Verifying Login Test ***************
2023-08-11 17:20:19,778 - root - INFO - *************** Verifying Login Test ***************
2023-08-11 17:20:24,767 - root - INFO - *************** Test Passed ***************
2023-08-11 17:20:24,767 - root - INFO - *************** Test Passed ***************
2023-08-11 17:20:26,508 - root - INFO - *************** Test_002_DDT_Login *****************
2023-08-11 17:20:26,508 - root - INFO - *************** Test_002_DDT_Login *****************
2023-08-11 17:20:26,509 - root - INFO - *************** Verifying Login DDT Test ***************
2023-08-11 17:20:26,509 - root - INFO - *************** Verifying Login DDT Test ***************
2023-08-11 17:20:35,692 - root - INFO - **** passed ****
2023-08-11 17:20:35,692 - root - INFO - **** passed ****
2023-08-11 17:20:36,665 - root - INFO - ****** Login DDT test passed *****
2023-08-11 17:20:36,665 - root - INFO - ****** Login DDT test passed *****
2023-08-11 17:20:36,665 - root - INFO - ****** End of Login DDT Test *****
2023-08-11 17:20:36,665 - root - INFO - ****** End of Login DDT Test *****
2023-08-11 17:20:36,665 - root - INFO - ****** Completed TC_Login DDT_002 *****
2023-08-11 17:20:36,665 - root - INFO - ****** Completed TC_Login DDT_002 *****
2023-08-11 17:21:42,030 - root - INFO - *************** Test_002_DDT_Login *****************
2023-08-11 17:21:42,030 - root - INFO - *************** Verifying Login DDT Test ***************
2023-08-11 17:21:50,304 - root - INFO - **** passed ****
2023-08-11 17:21:51,236 - root - INFO - ****** Login DDT test passed *****
2023-08-11 17:21:51,418 - root - INFO - ****** End of Login DDT Test *****
2023-08-11 17:21:51,418 - root - INFO - ****** Completed TC_Login DDT_002 *****
2023-08-11 17:22:11,841 - root - INFO - *************** Test_002_DDT_Login *****************
2023-08-11 17:22:11,841 - root - INFO - *************** Verifying Login DDT Test ***************
2023-08-11 17:22:20,883 - root - INFO - **** passed ****
2023-08-11 17:22:21,865 - root - INFO - ****** Login DDT test passed *****
2023-08-11 17:22:21,866 - root - INFO - ****** End of Login DDT Test *****
2023-08-11 17:22:21,866 - root - INFO - ****** Completed TC_Login DDT_002 *****
2023-08-11 17:22:51,432 - root - INFO - *************** Test_002_DDT_Login *****************
2023-08-11 17:22:51,433 - root - INFO - *************** Verifying Login DDT Test ***************
2023-08-11 17:23:01,085 - root - INFO - **** passed ****
2023-08-11 17:23:02,086 - root - INFO - ****** Login DDT test passed *****
2023-08-11 17:23:02,087 - root - INFO - ****** End of Login DDT Test *****
2023-08-11 17:23:02,087 - root - INFO - ****** Completed TC_Login DDT_002 *****
